<?xml version="1.0" encoding="UTF-8"?>
<!-- Generated by org.testng.reporters.JUnitXMLReporter -->
<testsuite ignored="0" hostname="Sunil-Kumar" failures="0" tests="6" name="Login Test" time="39.805" errors="0" timestamp="2025-04-08T16:23:06 PKT">
  <testcase classname="test.LoginTest" name="testValidLogin" time="0.591"/>
  <testcase classname="test.AddToCartTest" name="testAddProductToCart" time="0.771"/>
  <testcase classname="test.CheckOutTest" name="CheckOut" time="2.326"/>
  <testcase classname="test.RemoveProductFromCart" name="RemoveProductFromCart" time="3.862"/>
  <testcase classname="test.sortProductsHighToLow" name="testSortByPriceLowToHigh" time="3.933"/>
  <testcase classname="test.sortProductsLowToHigh" name="testSortByPriceLowToHigh" time="3.865"/>
</testsuite> <!-- Login Test -->
