<?xml version="1.0" encoding="UTF-8"?>
<testng-results ignored="0" total="6" passed="6" failed="0" skipped="0">
  <reporter-output>
  </reporter-output>
  <suite started-at="2025-04-07T15:41:28 PKT" name="SauceDemo Suite" finished-at="2025-04-07T15:42:06 PKT" duration-ms="38549">
    <groups>
    </groups>
    <test started-at="2025-04-07T15:41:28 PKT" name="Login Test" finished-at="2025-04-07T15:42:06 PKT" duration-ms="38549">
      <class name="test.LoginTest">
        <test-method is-config="true" signature="setup()[pri:0, instance:test.LoginTest@4e08711f]" started-at="2025-04-07T15:41:28 PKT" name="setup" finished-at="2025-04-07T15:41:32 PKT" duration-ms="4112" status="PASS">
          <reporter-output>
          </reporter-output>
        </test-method> <!-- setup -->
        <test-method signature="testValidLogin()[pri:0, instance:test.LoginTest@4e08711f]" started-at="2025-04-07T15:41:32 PKT" name="testValidLogin" finished-at="2025-04-07T15:41:33 PKT" duration-ms="828" status="PASS">
          <reporter-output>
          </reporter-output>
        </test-method> <!-- testValidLogin -->
        <test-method is-config="true" signature="tearDown()[pri:0, instance:test.LoginTest@4e08711f]" started-at="2025-04-07T15:41:33 PKT" name="tearDown" finished-at="2025-04-07T15:41:33 PKT" duration-ms="381" status="PASS">
          <reporter-output>
          </reporter-output>
        </test-method> <!-- tearDown -->
      </class> <!-- test.LoginTest -->
      <class name="test.CheckOutTest">
        <test-method is-config="true" signature="setup()[pri:0, instance:test.CheckOutTest@4988d8b8]" started-at="2025-04-07T15:41:37 PKT" name="setup" finished-at="2025-04-07T15:41:40 PKT" duration-ms="3157" status="PASS">
          <reporter-output>
          </reporter-output>
        </test-method> <!-- setup -->
        <test-method signature="CheckOut()[pri:0, instance:test.CheckOutTest@4988d8b8]" started-at="2025-04-07T15:41:40 PKT" name="CheckOut" finished-at="2025-04-07T15:41:44 PKT" duration-ms="3354" status="PASS">
          <reporter-output>
          </reporter-output>
        </test-method> <!-- CheckOut -->
        <test-method is-config="true" signature="tearDown()[pri:0, instance:test.CheckOutTest@4988d8b8]" started-at="2025-04-07T15:41:44 PKT" name="tearDown" finished-at="2025-04-07T15:41:44 PKT" duration-ms="317" status="PASS">
          <reporter-output>
          </reporter-output>
        </test-method> <!-- tearDown -->
      </class> <!-- test.CheckOutTest -->
      <class name="test.sortProductsLowToHigh">
        <test-method is-config="true" signature="setup()[pri:0, instance:test.sortProductsLowToHigh@6913c1fb]" started-at="2025-04-07T15:41:59 PKT" name="setup" finished-at="2025-04-07T15:42:01 PKT" duration-ms="2546" status="PASS">
          <reporter-output>
          </reporter-output>
        </test-method> <!-- setup -->
        <test-method signature="testSortByPriceLowToHigh()[pri:0, instance:test.sortProductsLowToHigh@6913c1fb]" started-at="2025-04-07T15:42:01 PKT" name="testSortByPriceLowToHigh" finished-at="2025-04-07T15:42:06 PKT" duration-ms="4304" status="PASS">
          <reporter-output>
          </reporter-output>
        </test-method> <!-- testSortByPriceLowToHigh -->
        <test-method is-config="true" signature="tearDown()[pri:0, instance:test.sortProductsLowToHigh@6913c1fb]" started-at="2025-04-07T15:42:06 PKT" name="tearDown" finished-at="2025-04-07T15:42:06 PKT" duration-ms="720" status="PASS">
          <reporter-output>
          </reporter-output>
        </test-method> <!-- tearDown -->
      </class> <!-- test.sortProductsLowToHigh -->
      <class name="test.sortProductsHighToLow">
        <test-method is-config="true" signature="setup()[pri:0, instance:test.sortProductsHighToLow@305b7c14]" started-at="2025-04-07T15:41:51 PKT" name="setup" finished-at="2025-04-07T15:41:54 PKT" duration-ms="2365" status="PASS">
          <reporter-output>
          </reporter-output>
        </test-method> <!-- setup -->
        <test-method signature="testSortByPriceLowToHigh()[pri:0, instance:test.sortProductsHighToLow@305b7c14]" started-at="2025-04-07T15:41:54 PKT" name="testSortByPriceLowToHigh" finished-at="2025-04-07T15:41:58 PKT" duration-ms="4264" status="PASS">
          <reporter-output>
          </reporter-output>
        </test-method> <!-- testSortByPriceLowToHigh -->
        <test-method is-config="true" signature="tearDown()[pri:0, instance:test.sortProductsHighToLow@305b7c14]" started-at="2025-04-07T15:41:58 PKT" name="tearDown" finished-at="2025-04-07T15:41:59 PKT" duration-ms="734" status="PASS">
          <reporter-output>
          </reporter-output>
        </test-method> <!-- tearDown -->
      </class> <!-- test.sortProductsHighToLow -->
      <class name="test.AddToCartTest">
        <test-method is-config="true" signature="setup()[pri:0, instance:test.AddToCartTest@63475ace]" started-at="2025-04-07T15:41:33 PKT" name="setup" finished-at="2025-04-07T15:41:36 PKT" duration-ms="2535" status="PASS">
          <reporter-output>
          </reporter-output>
        </test-method> <!-- setup -->
        <test-method signature="testAddProductToCart()[pri:0, instance:test.AddToCartTest@63475ace]" started-at="2025-04-07T15:41:36 PKT" name="testAddProductToCart" finished-at="2025-04-07T15:41:37 PKT" duration-ms="1007" status="PASS">
          <reporter-output>
          </reporter-output>
        </test-method> <!-- testAddProductToCart -->
        <test-method is-config="true" signature="tearDown()[pri:0, instance:test.AddToCartTest@63475ace]" started-at="2025-04-07T15:41:37 PKT" name="tearDown" finished-at="2025-04-07T15:41:37 PKT" duration-ms="362" status="PASS">
          <reporter-output>
          </reporter-output>
        </test-method> <!-- tearDown -->
      </class> <!-- test.AddToCartTest -->
      <class name="test.RemoveProductFromCart">
        <test-method is-config="true" signature="setup()[pri:0, instance:test.RemoveProductFromCart@c0c2f8d]" started-at="2025-04-07T15:41:44 PKT" name="setup" finished-at="2025-04-07T15:41:47 PKT" duration-ms="2630" status="PASS">
          <reporter-output>
          </reporter-output>
        </test-method> <!-- setup -->
        <test-method signature="RemoveProductFromCart()[pri:0, instance:test.RemoveProductFromCart@c0c2f8d]" started-at="2025-04-07T15:41:47 PKT" name="RemoveProductFromCart" finished-at="2025-04-07T15:41:51 PKT" duration-ms="4211" status="PASS">
          <reporter-output>
          </reporter-output>
        </test-method> <!-- RemoveProductFromCart -->
        <test-method is-config="true" signature="tearDown()[pri:0, instance:test.RemoveProductFromCart@c0c2f8d]" started-at="2025-04-07T15:41:51 PKT" name="tearDown" finished-at="2025-04-07T15:41:51 PKT" duration-ms="579" status="PASS">
          <reporter-output>
          </reporter-output>
        </test-method> <!-- tearDown -->
      </class> <!-- test.RemoveProductFromCart -->
    </test> <!-- Login Test -->
  </suite> <!-- SauceDemo Suite -->
</testng-results>
