<?xml version="1.0" encoding="UTF-8"?>
<!-- Generated by org.testng.reporters.JUnitXMLReporter -->
<testsuite ignored="0" hostname="Sunil-Kumar" failures="0" tests="6" name="Login Test" time="38.549" errors="0" timestamp="2025-04-07T15:42:06 PKT">
  <testcase classname="test.LoginTest" name="testValidLogin" time="0.828"/>
  <testcase classname="test.AddToCartTest" name="testAddProductToCart" time="1.007"/>
  <testcase classname="test.CheckOutTest" name="CheckOut" time="3.354"/>
  <testcase classname="test.RemoveProductFromCart" name="RemoveProductFromCart" time="4.211"/>
  <testcase classname="test.sortProductsHighToLow" name="testSortByPriceLowToHigh" time="4.264"/>
  <testcase classname="test.sortProductsLowToHigh" name="testSortByPriceLowToHigh" time="4.304"/>
</testsuite> <!-- Login Test -->
